2020-11-05 21:44:00,929 - Loaded User Directive: org.apache.struts2.views.velocity.components.IncludeDirective
2020-11-05 21:44:00,929 - Loaded User Directive: org.apache.struts2.views.velocity.components.LabelDirective
2020-11-05 21:44:00,930 - Loaded User Directive: org.apache.struts2.views.velocity.components.ParamDirective
2020-11-05 21:44:00,930 - Loaded User Directive: org.apache.struts2.views.velocity.components.PasswordDirective
2020-11-05 21:44:00,930 - Loaded User Directive: org.apache.struts2.views.velocity.components.PushDirective
2020-11-05 21:44:00,930 - Loaded User Directive: org.apache.struts2.views.velocity.components.PropertyDirective
2020-11-05 21:44:00,930 - Loaded User Directive: org.apache.struts2.views.velocity.components.RadioDirective
2020-11-05 21:44:00,930 - Loaded User Directive: org.apache.struts2.views.velocity.components.SelectDirective
2020-11-05 21:44:00,930 - Loaded User Directive: org.apache.struts2.views.velocity.components.SetDirective
2020-11-05 21:44:00,930 - Loaded User Directive: org.apache.struts2.views.velocity.components.SubmitDirective
2020-11-05 21:44:00,930 - Loaded User Directive: org.apache.struts2.views.velocity.components.ResetDirective
2020-11-05 21:44:00,930 - Loaded User Directive: org.apache.struts2.views.velocity.components.TextAreaDirective
2020-11-05 21:44:00,930 - Loaded User Directive: org.apache.struts2.views.velocity.components.TextDirective
2020-11-05 21:44:00,930 - Loaded User Directive: org.apache.struts2.views.velocity.components.TextFieldDirective
2020-11-05 21:44:00,930 - Loaded User Directive: org.apache.struts2.views.velocity.components.TokenDirective
2020-11-05 21:44:00,930 - Loaded User Directive: org.apache.struts2.views.velocity.components.URLDirective
2020-11-05 21:44:00,930 - Loaded User Directive: org.apache.struts2.views.velocity.components.ActionErrorDirective
2020-11-05 21:44:00,930 - Loaded User Directive: org.apache.struts2.views.velocity.components.ActionMessageDirective
2020-11-05 21:44:00,930 - Loaded User Directive: org.apache.struts2.views.velocity.components.FieldErrorDirective
2020-11-05 21:44:00,930 - Loaded User Directive: org.apache.struts2.views.velocity.components.OptionTransferSelectDirective
2020-11-05 21:44:00,930 - Loaded User Directive: org.apache.struts2.views.velocity.components.UpDownSelectDirective
2020-11-05 21:44:00,930 - Loaded User Directive: org.apache.struts2.dojo.views.velocity.components.DateTimePickerDirective
2020-11-05 21:44:00,930 - Loaded User Directive: org.apache.struts2.dojo.views.velocity.components.DivDirective
2020-11-05 21:44:00,930 - Loaded User Directive: org.apache.struts2.dojo.views.velocity.components.AutocompleterDirective
2020-11-05 21:44:00,930 - Loaded User Directive: org.apache.struts2.dojo.views.velocity.components.AnchorDirective
2020-11-05 21:44:00,930 - Loaded User Directive: org.apache.struts2.dojo.views.velocity.components.SubmitDirective
2020-11-05 21:44:00,930 - Loaded User Directive: org.apache.struts2.dojo.views.velocity.components.TabbedPanelDirective
2020-11-05 21:44:00,930 - Loaded User Directive: org.apache.struts2.dojo.views.velocity.components.TreeDirective
2020-11-05 21:44:00,930 - Loaded User Directive: org.apache.struts2.dojo.views.velocity.components.TreeNodeDirective
2020-11-05 21:44:00,930 - Loaded User Directive: org.apache.struts2.dojo.views.velocity.components.HeadDirective
2020-11-05 21:44:00,930 - Loaded User Directive: org.apache.struts2.dojo.views.velocity.components.BindDirective
2020-11-05 21:44:00,930 - Loaded User Directive: org.apache.struts2.dojo.views.velocity.components.TextAreaDirective
2020-11-05 21:44:00,930 - Velocity was not initialized! Calling init()...
2020-11-05 21:44:00,930 - Velocity was not initialized! Calling init()...
2020-11-05 21:44:00,930 - Velocity was not initialized! Calling init()...
2020-11-05 21:44:00,930 - Velocity was not initialized! Calling init()...
2020-11-05 21:44:00,930 - Velocity was not initialized! Calling init()...
2020-11-05 21:44:00,930 - Velocity was not initialized! Calling init()...
2020-11-05 21:44:00,930 - Velocity was not initialized! Calling init()...
2020-11-05 21:44:00,930 - Velocity was not initialized! Calling init()...
2020-11-05 21:44:00,930 - Velocity was not initialized! Calling init()...
2020-11-05 21:44:00,931 - Velocity was not initialized! Calling init()...
2020-11-05 21:44:00,931 - Velocity was not initialized! Calling init()...
2020-11-05 21:44:00,931 - Velocity was not initialized! Calling init()...
2020-11-05 21:44:00,931 - Velocity was not initialized! Calling init()...
2020-11-05 21:44:00,931 - Velocity was not initialized! Calling init()...
2020-11-05 21:44:00,931 - Velocity was not initialized! Calling init()...
2020-11-05 21:44:00,931 - Velocity was not initialized! Calling init()...
2020-11-05 21:44:00,931 - Velocity was not initialized! Calling init()...
2020-11-05 21:44:00,931 - Velocity was not initialized! Calling init()...
2020-11-05 21:44:00,931 - Velocity was not initialized! Calling init()...
2020-11-05 21:44:00,931 - Velocity was not initialized! Calling init()...
2020-11-05 21:44:00,931 - Created '20' parsers.
2020-11-05 21:44:00,931 - Velocimacro : "velocimacro.library" is not set.  Trying default library: VM_global_library.vm
2020-11-05 21:44:00,931 - Velocity was not initialized! Calling init()...
2020-11-05 21:44:00,932 - Velocimacro : Default library not found.
2020-11-05 21:44:00,932 - Velocimacro : allowInline = true : VMs can be defined inline in templates
2020-11-05 21:44:00,932 - Velocimacro : allowInlineToOverride = false : VMs defined inline may NOT replace previous VM definitions
2020-11-05 21:44:00,932 - Velocimacro : allowInlineLocal = false : VMs defined inline will be global in scope if allowed.
2020-11-05 21:44:00,932 - Velocimacro : autoload off : VM system will not automatically reload global library macros
2020-11-05 21:44:00,935 - VelocityViewServlet: Default content-type is: text/html
2020-12-01 19:48:09,315 - Log4JLogChute initialized using file 'velocity.log'
2020-12-01 19:48:09,328 - Starting Apache Velocity v1.6.4 (compiled: 2010-04-27 15:31:23)
2020-12-01 19:48:09,328 - Default Properties File: org/apache/velocity/runtime/defaults/velocity.properties
2020-12-01 19:48:09,328 - Trying to use logger class org.apache.velocity.runtime.log.AvalonLogChute
2020-12-01 19:48:09,328 - Target log system for org.apache.velocity.runtime.log.AvalonLogChute is not available (java.lang.NoClassDefFoundError: org/apache/log/format/Formatter).  Falling back to next log system...
2020-12-01 19:48:09,328 - Trying to use logger class org.apache.velocity.runtime.log.Log4JLogChute
2020-12-01 19:48:09,328 - Using logger class org.apache.velocity.runtime.log.Log4JLogChute
2020-12-01 19:48:09,331 - ResourceLoader instantiated: org.apache.velocity.runtime.resource.loader.FileResourceLoader
2020-12-01 19:48:09,331 - Do unicode file recognition:  false
2020-12-01 19:48:09,331 - FileResourceLoader : adding path '/home/premendra/Downloads/apache-tomcat-8.5.40/webapps/struts2-showcase/'
2020-12-01 19:48:09,332 - ResourceLoader instantiated: org.apache.struts2.views.velocity.StrutsResourceLoader
2020-12-01 19:48:09,332 - ResourceCache: initialized (class org.apache.velocity.runtime.resource.ResourceCacheImpl) with class java.util.Collections$SynchronizedMap cache map.
2020-12-01 19:48:09,332 - Loaded System Directive: org.apache.velocity.runtime.directive.Define
2020-12-01 19:48:09,332 - Loaded System Directive: org.apache.velocity.runtime.directive.Break
2020-12-01 19:48:09,332 - Loaded System Directive: org.apache.velocity.runtime.directive.Evaluate
2020-12-01 19:48:09,332 - Loaded System Directive: org.apache.velocity.runtime.directive.Literal
2020-12-01 19:48:09,333 - Loaded System Directive: org.apache.velocity.runtime.directive.Macro
2020-12-01 19:48:09,333 - Loaded System Directive: org.apache.velocity.runtime.directive.Parse
2020-12-01 19:48:09,333 - Loaded System Directive: org.apache.velocity.runtime.directive.Include
2020-12-01 19:48:09,333 - Loaded System Directive: org.apache.velocity.runtime.directive.Foreach
2020-12-01 19:48:09,335 - Loaded User Directive: org.apache.struts2.views.velocity.components.ActionDirective
2020-12-01 19:48:09,336 - Loaded User Directive: org.apache.struts2.views.velocity.components.BeanDirective
2020-12-01 19:48:09,337 - Loaded User Directive: org.apache.struts2.views.velocity.components.CheckBoxDirective
2020-12-01 19:48:09,338 - Loaded User Directive: org.apache.struts2.views.velocity.components.CheckBoxListDirective
2020-12-01 19:48:09,339 - Loaded User Directive: org.apache.struts2.views.velocity.components.ComboBoxDirective
2020-12-01 19:48:09,339 - Loaded User Directive: org.apache.struts2.views.velocity.components.ComponentDirective
2020-12-01 19:48:09,340 - Loaded User Directive: org.apache.struts2.views.velocity.components.DateDirective
2020-12-01 19:48:09,341 - Loaded User Directive: org.apache.struts2.views.velocity.components.DivDirective
2020-12-01 19:48:09,342 - Loaded User Directive: org.apache.struts2.views.velocity.components.DoubleSelectDirective
2020-12-01 19:48:09,343 - Loaded User Directive: org.apache.struts2.views.velocity.components.FileDirective
2020-12-01 19:48:09,343 - Loaded User Directive: org.apache.struts2.views.velocity.components.FormDirective
2020-12-01 19:48:09,344 - Loaded User Directive: org.apache.struts2.views.velocity.components.HeadDirective
2020-12-01 19:48:09,344 - Loaded User Directive: org.apache.struts2.views.velocity.components.HiddenDirective
2020-12-01 19:48:09,345 - Loaded User Directive: org.apache.struts2.views.velocity.components.AnchorDirective
2020-12-01 19:48:09,345 - Loaded User Directive: org.apache.struts2.views.velocity.components.I18nDirective
2020-12-01 19:48:09,346 - Loaded User Directive: org.apache.struts2.views.velocity.components.IncludeDirective
2020-12-01 19:48:09,346 - Loaded User Directive: org.apache.struts2.views.velocity.components.LabelDirective
2020-12-01 19:48:09,347 - Loaded User Directive: org.apache.struts2.views.velocity.components.ParamDirective
2020-12-01 19:48:09,347 - Loaded User Directive: org.apache.struts2.views.velocity.components.PasswordDirective
2020-12-01 19:48:09,348 - Loaded User Directive: org.apache.struts2.views.velocity.components.PushDirective
2020-12-01 19:48:09,348 - Loaded User Directive: org.apache.struts2.views.velocity.components.PropertyDirective
2020-12-01 19:48:09,348 - Loaded User Directive: org.apache.struts2.views.velocity.components.RadioDirective
2020-12-01 19:48:09,349 - Loaded User Directive: org.apache.struts2.views.velocity.components.SelectDirective
2020-12-01 19:48:09,349 - Loaded User Directive: org.apache.struts2.views.velocity.components.SetDirective
2020-12-01 19:48:09,350 - Loaded User Directive: org.apache.struts2.views.velocity.components.SubmitDirective
2020-12-01 19:48:09,350 - Loaded User Directive: org.apache.struts2.views.velocity.components.ResetDirective
2020-12-01 19:48:09,351 - Loaded User Directive: org.apache.struts2.views.velocity.components.TextAreaDirective
2020-12-01 19:48:09,351 - Loaded User Directive: org.apache.struts2.views.velocity.components.TextDirective
2020-12-01 19:48:09,351 - Loaded User Directive: org.apache.struts2.views.velocity.components.TextFieldDirective
2020-12-01 19:48:09,352 - Loaded User Directive: org.apache.struts2.views.velocity.components.TokenDirective
2020-12-01 19:48:09,352 - Loaded User Directive: org.apache.struts2.views.velocity.components.URLDirective
2020-12-01 19:48:09,353 - Loaded User Directive: org.apache.struts2.views.velocity.components.ActionErrorDirective
2020-12-01 19:48:09,353 - Loaded User Directive: org.apache.struts2.views.velocity.components.ActionMessageDirective
2020-12-01 19:48:09,353 - Loaded User Directive: org.apache.struts2.views.velocity.components.FieldErrorDirective
2020-12-01 19:48:09,354 - Loaded User Directive: org.apache.struts2.views.velocity.components.OptionTransferSelectDirective
2020-12-01 19:48:09,355 - Loaded User Directive: org.apache.struts2.views.velocity.components.UpDownSelectDirective
2020-12-01 19:48:09,355 - Loaded User Directive: org.apache.struts2.dojo.views.velocity.components.DateTimePickerDirective
2020-12-01 19:48:09,356 - Loaded User Directive: org.apache.struts2.dojo.views.velocity.components.DivDirective
2020-12-01 19:48:09,357 - Loaded User Directive: org.apache.struts2.dojo.views.velocity.components.AutocompleterDirective
2020-12-01 19:48:09,357 - Loaded User Directive: org.apache.struts2.dojo.views.velocity.components.AnchorDirective
2020-12-01 19:48:09,357 - Loaded User Directive: org.apache.struts2.dojo.views.velocity.components.SubmitDirective
2020-12-01 19:48:09,357 - Loaded User Directive: org.apache.struts2.dojo.views.velocity.components.TabbedPanelDirective
2020-12-01 19:48:09,358 - Loaded User Directive: org.apache.struts2.dojo.views.velocity.components.TreeDirective
2020-12-01 19:48:09,358 - Loaded User Directive: org.apache.struts2.dojo.views.velocity.components.TreeNodeDirective
2020-12-01 19:48:09,359 - Loaded User Directive: org.apache.struts2.dojo.views.velocity.components.HeadDirective
2020-12-01 19:48:09,360 - Loaded User Directive: org.apache.struts2.dojo.views.velocity.components.BindDirective
2020-12-01 19:48:09,360 - Loaded User Directive: org.apache.struts2.dojo.views.velocity.components.TextAreaDirective
2020-12-01 19:48:09,360 - Loaded User Directive: org.apache.struts2.views.velocity.components.ActionDirective
2020-12-01 19:48:09,360 - Loaded User Directive: org.apache.struts2.views.velocity.components.BeanDirective
2020-12-01 19:48:09,360 - Loaded User Directive: org.apache.struts2.views.velocity.components.CheckBoxDirective
2020-12-01 19:48:09,360 - Loaded User Directive: org.apache.struts2.views.velocity.components.CheckBoxListDirective
2020-12-01 19:48:09,360 - Loaded User Directive: org.apache.struts2.views.velocity.components.ComboBoxDirective
2020-12-01 19:48:09,360 - Loaded User Directive: org.apache.struts2.views.velocity.components.ComponentDirective
2020-12-01 19:48:09,360 - Loaded User Directive: org.apache.struts2.views.velocity.components.DateDirective
2020-12-01 19:48:09,360 - Loaded User Directive: org.apache.struts2.views.velocity.components.DivDirective
2020-12-01 19:48:09,360 - Loaded User Directive: org.apache.struts2.views.velocity.components.DoubleSelectDirective
2020-12-01 19:48:09,360 - Loaded User Directive: org.apache.struts2.views.velocity.components.FileDirective
2020-12-01 19:48:09,360 - Loaded User Directive: org.apache.struts2.views.velocity.components.FormDirective
2020-12-01 19:48:09,360 - Loaded User Directive: org.apache.struts2.views.velocity.components.HeadDirective
2020-12-01 19:48:09,360 - Loaded User Directive: org.apache.struts2.views.velocity.components.HiddenDirective
2020-12-01 19:48:09,360 - Loaded User Directive: org.apache.struts2.views.velocity.components.AnchorDirective
2020-12-01 19:48:09,360 - Loaded User Directive: org.apache.struts2.views.velocity.components.I18nDirective
2020-12-01 19:48:09,360 - Loaded User Directive: org.apache.struts2.views.velocity.components.IncludeDirective
2020-12-01 19:48:09,360 - Loaded User Directive: org.apache.struts2.views.velocity.components.LabelDirective
2020-12-01 19:48:09,360 - Loaded User Directive: org.apache.struts2.views.velocity.components.ParamDirective
2020-12-01 19:48:09,360 - Loaded User Directive: org.apache.struts2.views.velocity.components.PasswordDirective
2020-12-01 19:48:09,360 - Loaded User Directive: org.apache.struts2.views.velocity.components.PushDirective
2020-12-01 19:48:09,360 - Loaded User Directive: org.apache.struts2.views.velocity.components.PropertyDirective
2020-12-01 19:48:09,360 - Loaded User Directive: org.apache.struts2.views.velocity.components.RadioDirective
2020-12-01 19:48:09,360 - Loaded User Directive: org.apache.struts2.views.velocity.components.SelectDirective
2020-12-01 19:48:09,360 - Loaded User Directive: org.apache.struts2.views.velocity.components.SetDirective
2020-12-01 19:48:09,360 - Loaded User Directive: org.apache.struts2.views.velocity.components.SubmitDirective
2020-12-01 19:48:09,360 - Loaded User Directive: org.apache.struts2.views.velocity.components.ResetDirective
2020-12-01 19:48:09,360 - Loaded User Directive: org.apache.struts2.views.velocity.components.TextAreaDirective
2020-12-01 19:48:09,360 - Loaded User Directive: org.apache.struts2.views.velocity.components.TextDirective
2020-12-01 19:48:09,360 - Loaded User Directive: org.apache.struts2.views.velocity.components.TextFieldDirective
2020-12-01 19:48:09,360 - Loaded User Directive: org.apache.struts2.views.velocity.components.TokenDirective
2020-12-01 19:48:09,360 - Loaded User Directive: org.apache.struts2.views.velocity.components.URLDirective
2020-12-01 19:48:09,360 - Loaded User Directive: org.apache.struts2.views.velocity.components.ActionErrorDirective
2020-12-01 19:48:09,360 - Loaded User Directive: org.apache.struts2.views.velocity.components.ActionMessageDirective
2020-12-01 19:48:09,361 - Loaded User Directive: org.apache.struts2.views.velocity.components.FieldErrorDirective
2020-12-01 19:48:09,361 - Loaded User Directive: org.apache.struts2.views.velocity.components.OptionTransferSelectDirective
2020-12-01 19:48:09,361 - Loaded User Directive: org.apache.struts2.views.velocity.components.UpDownSelectDirective
2020-12-01 19:48:09,361 - Loaded User Directive: org.apache.struts2.dojo.views.velocity.components.DateTimePickerDirective
2020-12-01 19:48:09,361 - Loaded User Directive: org.apache.struts2.dojo.views.velocity.components.DivDirective
2020-12-01 19:48:09,361 - Loaded User Directive: org.apache.struts2.dojo.views.velocity.components.AutocompleterDirective
2020-12-01 19:48:09,361 - Loaded User Directive: org.apache.struts2.dojo.views.velocity.components.AnchorDirective
2020-12-01 19:48:09,361 - Loaded User Directive: org.apache.struts2.dojo.views.velocity.components.SubmitDirective
2020-12-01 19:48:09,361 - Loaded User Directive: org.apache.struts2.dojo.views.velocity.components.TabbedPanelDirective
2020-12-01 19:48:09,361 - Loaded User Directive: org.apache.struts2.dojo.views.velocity.components.TreeDirective
2020-12-01 19:48:09,361 - Loaded User Directive: org.apache.struts2.dojo.views.velocity.components.TreeNodeDirective
2020-12-01 19:48:09,361 - Loaded User Directive: org.apache.struts2.dojo.views.velocity.components.HeadDirective
2020-12-01 19:48:09,361 - Loaded User Directive: org.apache.struts2.dojo.views.velocity.components.BindDirective
2020-12-01 19:48:09,361 - Loaded User Directive: org.apache.struts2.dojo.views.velocity.components.TextAreaDirective
2020-12-01 19:48:09,361 - Velocity was not initialized! Calling init()...
2020-12-01 19:48:09,361 - Velocity was not initialized! Calling init()...
2020-12-01 19:48:09,361 - Velocity was not initialized! Calling init()...
2020-12-01 19:48:09,361 - Velocity was not initialized! Calling init()...
2020-12-01 19:48:09,361 - Velocity was not initialized! Calling init()...
2020-12-01 19:48:09,361 - Velocity was not initialized! Calling init()...
2020-12-01 19:48:09,361 - Velocity was not initialized! Calling init()...
2020-12-01 19:48:09,361 - Velocity was not initialized! Calling init()...
2020-12-01 19:48:09,361 - Velocity was not initialized! Calling init()...
2020-12-01 19:48:09,361 - Velocity was not initialized! Calling init()...
2020-12-01 19:48:09,361 - Velocity was not initialized! Calling init()...
2020-12-01 19:48:09,361 - Velocity was not initialized! Calling init()...
2020-12-01 19:48:09,361 - Velocity was not initialized! Calling init()...
2020-12-01 19:48:09,361 - Velocity was not initialized! Calling init()...
2020-12-01 19:48:09,361 - Velocity was not initialized! Calling init()...
2020-12-01 19:48:09,362 - Velocity was not initialized! Calling init()...
2020-12-01 19:48:09,362 - Velocity was not initialized! Calling init()...
2020-12-01 19:48:09,362 - Velocity was not initialized! Calling init()...
2020-12-01 19:48:09,362 - Velocity was not initialized! Calling init()...
2020-12-01 19:48:09,362 - Velocity was not initialized! Calling init()...
2020-12-01 19:48:09,362 - Created '20' parsers.
2020-12-01 19:48:09,362 - Velocimacro : "velocimacro.library" is not set.  Trying default library: VM_global_library.vm
2020-12-01 19:48:09,362 - Velocity was not initialized! Calling init()...
2020-12-01 19:48:09,362 - Velocimacro : Default library not found.
2020-12-01 19:48:09,362 - Velocimacro : allowInline = true : VMs can be defined inline in templates
2020-12-01 19:48:09,362 - Velocimacro : allowInlineToOverride = false : VMs defined inline may NOT replace previous VM definitions
2020-12-01 19:48:09,362 - Velocimacro : allowInlineLocal = false : VMs defined inline will be global in scope if allowed.
2020-12-01 19:48:09,362 - Velocimacro : autoload off : VM system will not automatically reload global library macros
2020-12-01 19:48:09,364 - VelocityViewServlet: Default content-type is: text/html
2020-12-05 19:35:30,428 - Log4JLogChute initialized using file 'velocity.log'
2020-12-05 19:35:30,468 - Starting Apache Velocity v1.6.4 (compiled: 2010-04-27 15:31:23)
2020-12-05 19:35:30,468 - Default Properties File: org/apache/velocity/runtime/defaults/velocity.properties
2020-12-05 19:35:30,468 - Trying to use logger class org.apache.velocity.runtime.log.AvalonLogChute
2020-12-05 19:35:30,468 - Target log system for org.apache.velocity.runtime.log.AvalonLogChute is not available (java.lang.NoClassDefFoundError: org/apache/log/format/Formatter).  Falling back to next log system...
2020-12-05 19:35:30,468 - Trying to use logger class org.apache.velocity.runtime.log.Log4JLogChute
2020-12-05 19:35:30,468 - Using logger class org.apache.velocity.runtime.log.Log4JLogChute
2020-12-05 19:35:30,470 - ResourceLoader instantiated: org.apache.velocity.runtime.resource.loader.FileResourceLoader
2020-12-05 19:35:30,471 - Do unicode file recognition:  false
2020-12-05 19:35:30,471 - FileResourceLoader : adding path '/home/premendra/Downloads/apache-tomcat-8.5.40/webapps/struts2-showcase/'
2020-12-05 19:35:30,472 - ResourceLoader instantiated: org.apache.struts2.views.velocity.StrutsResourceLoader
2020-12-05 19:35:30,472 - ResourceCache: initialized (class org.apache.velocity.runtime.resource.ResourceCacheImpl) with class java.util.Collections$SynchronizedMap cache map.
2020-12-05 19:35:30,472 - Loaded System Directive: org.apache.velocity.runtime.directive.Define
2020-12-05 19:35:30,472 - Loaded System Directive: org.apache.velocity.runtime.directive.Break
2020-12-05 19:35:30,472 - Loaded System Directive: org.apache.velocity.runtime.directive.Evaluate
2020-12-05 19:35:30,472 - Loaded System Directive: org.apache.velocity.runtime.directive.Literal
2020-12-05 19:35:30,472 - Loaded System Directive: org.apache.velocity.runtime.directive.Macro
2020-12-05 19:35:30,472 - Loaded System Directive: org.apache.velocity.runtime.directive.Parse
2020-12-05 19:35:30,472 - Loaded System Directive: org.apache.velocity.runtime.directive.Include
2020-12-05 19:35:30,472 - Loaded System Directive: org.apache.velocity.runtime.directive.Foreach
2020-12-05 19:35:30,476 - Loaded User Directive: org.apache.struts2.views.velocity.components.ActionDirective
2020-12-05 19:35:30,477 - Loaded User Directive: org.apache.struts2.views.velocity.components.BeanDirective
2020-12-05 19:35:30,488 - Loaded User Directive: org.apache.struts2.views.velocity.components.CheckBoxDirective
2020-12-05 19:35:30,490 - Loaded User Directive: org.apache.struts2.views.velocity.components.CheckBoxListDirective
2020-12-05 19:35:30,491 - Loaded User Directive: org.apache.struts2.views.velocity.components.ComboBoxDirective
2020-12-05 19:35:30,492 - Loaded User Directive: org.apache.struts2.views.velocity.components.ComponentDirective
2020-12-05 19:35:30,494 - Loaded User Directive: org.apache.struts2.views.velocity.components.DateDirective
2020-12-05 19:35:30,496 - Loaded User Directive: org.apache.struts2.views.velocity.components.DivDirective
2020-12-05 19:35:30,498 - Loaded User Directive: org.apache.struts2.views.velocity.components.DoubleSelectDirective
2020-12-05 19:35:30,499 - Loaded User Directive: org.apache.struts2.views.velocity.components.FileDirective
2020-12-05 19:35:30,500 - Loaded User Directive: org.apache.struts2.views.velocity.components.FormDirective
2020-12-05 19:35:30,501 - Loaded User Directive: org.apache.struts2.views.velocity.components.HeadDirective
2020-12-05 19:35:30,501 - Loaded User Directive: org.apache.struts2.views.velocity.components.HiddenDirective
2020-12-05 19:35:30,502 - Loaded User Directive: org.apache.struts2.views.velocity.components.AnchorDirective
2020-12-05 19:35:30,503 - Loaded User Directive: org.apache.struts2.views.velocity.components.I18nDirective
2020-12-05 19:35:30,505 - Loaded User Directive: org.apache.struts2.views.velocity.components.IncludeDirective
2020-12-05 19:35:30,506 - Loaded User Directive: org.apache.struts2.views.velocity.components.LabelDirective
2020-12-05 19:35:30,507 - Loaded User Directive: org.apache.struts2.views.velocity.components.ParamDirective
2020-12-05 19:35:30,507 - Loaded User Directive: org.apache.struts2.views.velocity.components.PasswordDirective
2020-12-05 19:35:30,508 - Loaded User Directive: org.apache.struts2.views.velocity.components.PushDirective
2020-12-05 19:35:30,509 - Loaded User Directive: org.apache.struts2.views.velocity.components.PropertyDirective
2020-12-05 19:35:30,510 - Loaded User Directive: org.apache.struts2.views.velocity.components.RadioDirective
2020-12-05 19:35:30,511 - Loaded User Directive: org.apache.struts2.views.velocity.components.SelectDirective
2020-12-05 19:35:30,512 - Loaded User Directive: org.apache.struts2.views.velocity.components.SetDirective
2020-12-05 19:35:30,513 - Loaded User Directive: org.apache.struts2.views.velocity.components.SubmitDirective
2020-12-05 19:35:30,514 - Loaded User Directive: org.apache.struts2.views.velocity.components.ResetDirective
2020-12-05 19:35:30,515 - Loaded User Directive: org.apache.struts2.views.velocity.components.TextAreaDirective
2020-12-05 19:35:30,517 - Loaded User Directive: org.apache.struts2.views.velocity.components.TextDirective
2020-12-05 19:35:30,517 - Loaded User Directive: org.apache.struts2.views.velocity.components.TextFieldDirective
2020-12-05 19:35:30,518 - Loaded User Directive: org.apache.struts2.views.velocity.components.TokenDirective
2020-12-05 19:35:30,520 - Loaded User Directive: org.apache.struts2.views.velocity.components.URLDirective
2020-12-05 19:35:30,521 - Loaded User Directive: org.apache.struts2.views.velocity.components.ActionErrorDirective
2020-12-05 19:35:30,522 - Loaded User Directive: org.apache.struts2.views.velocity.components.ActionMessageDirective
2020-12-05 19:35:30,523 - Loaded User Directive: org.apache.struts2.views.velocity.components.FieldErrorDirective
2020-12-05 19:35:30,524 - Loaded User Directive: org.apache.struts2.views.velocity.components.OptionTransferSelectDirective
2020-12-05 19:35:30,526 - Loaded User Directive: org.apache.struts2.views.velocity.components.UpDownSelectDirective
2020-12-05 19:35:30,527 - Loaded User Directive: org.apache.struts2.dojo.views.velocity.components.DateTimePickerDirective
2020-12-05 19:35:30,530 - Loaded User Directive: org.apache.struts2.dojo.views.velocity.components.DivDirective
2020-12-05 19:35:30,532 - Loaded User Directive: org.apache.struts2.dojo.views.velocity.components.AutocompleterDirective
2020-12-05 19:35:30,532 - Loaded User Directive: org.apache.struts2.dojo.views.velocity.components.AnchorDirective
2020-12-05 19:35:30,532 - Loaded User Directive: org.apache.struts2.dojo.views.velocity.components.SubmitDirective
2020-12-05 19:35:30,534 - Loaded User Directive: org.apache.struts2.dojo.views.velocity.components.TabbedPanelDirective
2020-12-05 19:35:30,535 - Loaded User Directive: org.apache.struts2.dojo.views.velocity.components.TreeDirective
2020-12-05 19:35:30,536 - Loaded User Directive: org.apache.struts2.dojo.views.velocity.components.TreeNodeDirective
2020-12-05 19:35:30,537 - Loaded User Directive: org.apache.struts2.dojo.views.velocity.components.HeadDirective
2020-12-05 19:35:30,538 - Loaded User Directive: org.apache.struts2.dojo.views.velocity.components.BindDirective
2020-12-05 19:35:30,539 - Loaded User Directive: org.apache.struts2.dojo.views.velocity.components.TextAreaDirective
2020-12-05 19:35:30,539 - Loaded User Directive: org.apache.struts2.views.velocity.components.ActionDirective
2020-12-05 19:35:30,539 - Loaded User Directive: org.apache.struts2.views.velocity.components.BeanDirective
2020-12-05 19:35:30,539 - Loaded User Directive: org.apache.struts2.views.velocity.components.CheckBoxDirective
2020-12-05 19:35:30,539 - Loaded User Directive: org.apache.struts2.views.velocity.components.CheckBoxListDirective
2020-12-05 19:35:30,539 - Loaded User Directive: org.apache.struts2.views.velocity.components.ComboBoxDirective
2020-12-05 19:35:30,539 - Loaded User Directive: org.apache.struts2.views.velocity.components.ComponentDirective
2020-12-05 19:35:30,539 - Loaded User Directive: org.apache.struts2.views.velocity.components.DateDirective
2020-12-05 19:35:30,539 - Loaded User Directive: org.apache.struts2.views.velocity.components.DivDirective
2020-12-05 19:35:30,539 - Loaded User Directive: org.apache.struts2.views.velocity.components.DoubleSelectDirective
2020-12-05 19:35:30,539 - Loaded User Directive: org.apache.struts2.views.velocity.components.FileDirective
2020-12-05 19:35:30,539 - Loaded User Directive: org.apache.struts2.views.velocity.components.FormDirective
2020-12-05 19:35:30,539 - Loaded User Directive: org.apache.struts2.views.velocity.components.HeadDirective
2020-12-05 19:35:30,539 - Loaded User Directive: org.apache.struts2.views.velocity.components.HiddenDirective
2020-12-05 19:35:30,539 - Loaded User Directive: org.apache.struts2.views.velocity.components.AnchorDirective
2020-12-05 19:35:30,539 - Loaded User Directive: org.apache.struts2.views.velocity.components.I18nDirective
2020-12-05 19:35:30,539 - Loaded User Directive: org.apache.struts2.views.velocity.components.IncludeDirective
2020-12-05 19:35:30,539 - Loaded User Directive: org.apache.struts2.views.velocity.components.LabelDirective
2020-12-05 19:35:30,540 - Loaded User Directive: org.apache.struts2.views.velocity.components.ParamDirective
2020-12-05 19:35:30,540 - Loaded User Directive: org.apache.struts2.views.velocity.components.PasswordDirective
2020-12-05 19:35:30,540 - Loaded User Directive: org.apache.struts2.views.velocity.components.PushDirective
2020-12-05 19:35:30,540 - Loaded User Directive: org.apache.struts2.views.velocity.components.PropertyDirective
2020-12-05 19:35:30,540 - Loaded User Directive: org.apache.struts2.views.velocity.components.RadioDirective
2020-12-05 19:35:30,540 - Loaded User Directive: org.apache.struts2.views.velocity.components.SelectDirective
2020-12-05 19:35:30,540 - Loaded User Directive: org.apache.struts2.views.velocity.components.SetDirective
2020-12-05 19:35:30,540 - Loaded User Directive: org.apache.struts2.views.velocity.components.SubmitDirective
2020-12-05 19:35:30,540 - Loaded User Directive: org.apache.struts2.views.velocity.components.ResetDirective
2020-12-05 19:35:30,540 - Loaded User Directive: org.apache.struts2.views.velocity.components.TextAreaDirective
2020-12-05 19:35:30,540 - Loaded User Directive: org.apache.struts2.views.velocity.components.TextDirective
2020-12-05 19:35:30,540 - Loaded User Directive: org.apache.struts2.views.velocity.components.TextFieldDirective
2020-12-05 19:35:30,540 - Loaded User Directive: org.apache.struts2.views.velocity.components.TokenDirective
2020-12-05 19:35:30,540 - Loaded User Directive: org.apache.struts2.views.velocity.components.URLDirective
2020-12-05 19:35:30,540 - Loaded User Directive: org.apache.struts2.views.velocity.components.ActionErrorDirective
2020-12-05 19:35:30,540 - Loaded User Directive: org.apache.struts2.views.velocity.components.ActionMessageDirective
2020-12-05 19:35:30,540 - Loaded User Directive: org.apache.struts2.views.velocity.components.FieldErrorDirective
2020-12-05 19:35:30,540 - Loaded User Directive: org.apache.struts2.views.velocity.components.OptionTransferSelectDirective
2020-12-05 19:35:30,540 - Loaded User Directive: org.apache.struts2.views.velocity.components.UpDownSelectDirective
2020-12-05 19:35:30,540 - Loaded User Directive: org.apache.struts2.dojo.views.velocity.components.DateTimePickerDirective
2020-12-05 19:35:30,540 - Loaded User Directive: org.apache.struts2.dojo.views.velocity.components.DivDirective
2020-12-05 19:35:30,540 - Loaded User Directive: org.apache.struts2.dojo.views.velocity.components.AutocompleterDirective
2020-12-05 19:35:30,540 - Loaded User Directive: org.apache.struts2.dojo.views.velocity.components.AnchorDirective
2020-12-05 19:35:30,540 - Loaded User Directive: org.apache.struts2.dojo.views.velocity.components.SubmitDirective
2020-12-05 19:35:30,541 - Loaded User Directive: org.apache.struts2.dojo.views.velocity.components.TabbedPanelDirective
2020-12-05 19:35:30,541 - Loaded User Directive: org.apache.struts2.dojo.views.velocity.components.TreeDirective
2020-12-05 19:35:30,541 - Loaded User Directive: org.apache.struts2.dojo.views.velocity.components.TreeNodeDirective
2020-12-05 19:35:30,541 - Loaded User Directive: org.apache.struts2.dojo.views.velocity.components.HeadDirective
2020-12-05 19:35:30,541 - Loaded User Directive: org.apache.struts2.dojo.views.velocity.components.BindDirective
2020-12-05 19:35:30,541 - Loaded User Directive: org.apache.struts2.dojo.views.velocity.components.TextAreaDirective
2020-12-05 19:35:30,541 - Velocity was not initialized! Calling init()...
2020-12-05 19:35:30,541 - Velocity was not initialized! Calling init()...
2020-12-05 19:35:30,541 - Velocity was not initialized! Calling init()...
2020-12-05 19:35:30,541 - Velocity was not initialized! Calling init()...
2020-12-05 19:35:30,541 - Velocity was not initialized! Calling init()...
2020-12-05 19:35:30,541 - Velocity was not initialized! Calling init()...
2020-12-05 19:35:30,541 - Velocity was not initialized! Calling init()...
2020-12-05 19:35:30,542 - Velocity was not initialized! Calling init()...
2020-12-05 19:35:30,542 - Velocity was not initialized! Calling init()...
2020-12-05 19:35:30,542 - Velocity was not initialized! Calling init()...
2020-12-05 19:35:30,542 - Velocity was not initialized! Calling init()...
2020-12-05 19:35:30,542 - Velocity was not initialized! Calling init()...
2020-12-05 19:35:30,542 - Velocity was not initialized! Calling init()...
2020-12-05 19:35:30,542 - Velocity was not initialized! Calling init()...
2020-12-05 19:35:30,542 - Velocity was not initialized! Calling init()...
2020-12-05 19:35:30,542 - Velocity was not initialized! Calling init()...
2020-12-05 19:35:30,542 - Velocity was not initialized! Calling init()...
2020-12-05 19:35:30,542 - Velocity was not initialized! Calling init()...
2020-12-05 19:35:30,543 - Velocity was not initialized! Calling init()...
2020-12-05 19:35:30,543 - Velocity was not initialized! Calling init()...
2020-12-05 19:35:30,543 - Created '20' parsers.
2020-12-05 19:35:30,543 - Velocimacro : "velocimacro.library" is not set.  Trying default library: VM_global_library.vm
2020-12-05 19:35:30,543 - Velocity was not initialized! Calling init()...
2020-12-05 19:35:30,544 - Velocimacro : Default library not found.
2020-12-05 19:35:30,544 - Velocimacro : allowInline = true : VMs can be defined inline in templates
2020-12-05 19:35:30,544 - Velocimacro : allowInlineToOverride = false : VMs defined inline may NOT replace previous VM definitions
2020-12-05 19:35:30,544 - Velocimacro : allowInlineLocal = false : VMs defined inline will be global in scope if allowed.
2020-12-05 19:35:30,544 - Velocimacro : autoload off : VM system will not automatically reload global library macros
2020-12-05 19:35:30,547 - VelocityViewServlet: Default content-type is: text/html
2020-12-27 16:43:14,967 - Log4JLogChute initialized using file 'velocity.log'
2020-12-27 16:43:14,986 - Starting Apache Velocity v1.6.4 (compiled: 2010-04-27 15:31:23)
2020-12-27 16:43:14,986 - Default Properties File: org/apache/velocity/runtime/defaults/velocity.properties
2020-12-27 16:43:14,986 - Trying to use logger class org.apache.velocity.runtime.log.AvalonLogChute
2020-12-27 16:43:14,986 - Target log system for org.apache.velocity.runtime.log.AvalonLogChute is not available (java.lang.NoClassDefFoundError: org/apache/log/format/Formatter).  Falling back to next log system...
2020-12-27 16:43:14,986 - Trying to use logger class org.apache.velocity.runtime.log.Log4JLogChute
2020-12-27 16:43:14,986 - Using logger class org.apache.velocity.runtime.log.Log4JLogChute
2020-12-27 16:43:14,989 - ResourceLoader instantiated: org.apache.velocity.runtime.resource.loader.FileResourceLoader
2020-12-27 16:43:14,990 - Do unicode file recognition:  false
2020-12-27 16:43:14,990 - FileResourceLoader : adding path '/home/premendra/Downloads/apache-tomcat-8.5.40/webapps/struts2-showcase/'
2020-12-27 16:43:14,991 - ResourceLoader instantiated: org.apache.struts2.views.velocity.StrutsResourceLoader
2020-12-27 16:43:14,991 - ResourceCache: initialized (class org.apache.velocity.runtime.resource.ResourceCacheImpl) with class java.util.Collections$SynchronizedMap cache map.
2020-12-27 16:43:14,991 - Loaded System Directive: org.apache.velocity.runtime.directive.Define
2020-12-27 16:43:14,991 - Loaded System Directive: org.apache.velocity.runtime.directive.Break
2020-12-27 16:43:14,992 - Loaded System Directive: org.apache.velocity.runtime.directive.Evaluate
2020-12-27 16:43:14,992 - Loaded System Directive: org.apache.velocity.runtime.directive.Literal
2020-12-27 16:43:14,992 - Loaded System Directive: org.apache.velocity.runtime.directive.Macro
2020-12-27 16:43:14,992 - Loaded System Directive: org.apache.velocity.runtime.directive.Parse
2020-12-27 16:43:14,992 - Loaded System Directive: org.apache.velocity.runtime.directive.Include
2020-12-27 16:43:14,992 - Loaded System Directive: org.apache.velocity.runtime.directive.Foreach
2020-12-27 16:43:14,995 - Loaded User Directive: org.apache.struts2.views.velocity.components.ActionDirective
2020-12-27 16:43:14,996 - Loaded User Directive: org.apache.struts2.views.velocity.components.BeanDirective
2020-12-27 16:43:14,998 - Loaded User Directive: org.apache.struts2.views.velocity.components.CheckBoxDirective
2020-12-27 16:43:14,999 - Loaded User Directive: org.apache.struts2.views.velocity.components.CheckBoxListDirective
2020-12-27 16:43:15,001 - Loaded User Directive: org.apache.struts2.views.velocity.components.ComboBoxDirective
2020-12-27 16:43:15,002 - Loaded User Directive: org.apache.struts2.views.velocity.components.ComponentDirective
2020-12-27 16:43:15,003 - Loaded User Directive: org.apache.struts2.views.velocity.components.DateDirective
2020-12-27 16:43:15,004 - Loaded User Directive: org.apache.struts2.views.velocity.components.DivDirective
2020-12-27 16:43:15,006 - Loaded User Directive: org.apache.struts2.views.velocity.components.DoubleSelectDirective
2020-12-27 16:43:15,007 - Loaded User Directive: org.apache.struts2.views.velocity.components.FileDirective
2020-12-27 16:43:15,008 - Loaded User Directive: org.apache.struts2.views.velocity.components.FormDirective
2020-12-27 16:43:15,009 - Loaded User Directive: org.apache.struts2.views.velocity.components.HeadDirective
2020-12-27 16:43:15,009 - Loaded User Directive: org.apache.struts2.views.velocity.components.HiddenDirective
2020-12-27 16:43:15,010 - Loaded User Directive: org.apache.struts2.views.velocity.components.AnchorDirective
2020-12-27 16:43:15,011 - Loaded User Directive: org.apache.struts2.views.velocity.components.I18nDirective
2020-12-27 16:43:15,012 - Loaded User Directive: org.apache.struts2.views.velocity.components.IncludeDirective
2020-12-27 16:43:15,013 - Loaded User Directive: org.apache.struts2.views.velocity.components.LabelDirective
2020-12-27 16:43:15,013 - Loaded User Directive: org.apache.struts2.views.velocity.components.ParamDirective
2020-12-27 16:43:15,014 - Loaded User Directive: org.apache.struts2.views.velocity.components.PasswordDirective
2020-12-27 16:43:15,015 - Loaded User Directive: org.apache.struts2.views.velocity.components.PushDirective
2020-12-27 16:43:15,015 - Loaded User Directive: org.apache.struts2.views.velocity.components.PropertyDirective
2020-12-27 16:43:15,016 - Loaded User Directive: org.apache.struts2.views.velocity.components.RadioDirective
2020-12-27 16:43:15,016 - Loaded User Directive: org.apache.struts2.views.velocity.components.SelectDirective
2020-12-27 16:43:15,017 - Loaded User Directive: org.apache.struts2.views.velocity.components.SetDirective
2020-12-27 16:43:15,018 - Loaded User Directive: org.apache.struts2.views.velocity.components.SubmitDirective
2020-12-27 16:43:15,019 - Loaded User Directive: org.apache.struts2.views.velocity.components.ResetDirective
2020-12-27 16:43:15,019 - Loaded User Directive: org.apache.struts2.views.velocity.components.TextAreaDirective
2020-12-27 16:43:15,020 - Loaded User Directive: org.apache.struts2.views.velocity.components.TextDirective
2020-12-27 16:43:15,021 - Loaded User Directive: org.apache.struts2.views.velocity.components.TextFieldDirective
2020-12-27 16:43:15,021 - Loaded User Directive: org.apache.struts2.views.velocity.components.TokenDirective
2020-12-27 16:43:15,022 - Loaded User Directive: org.apache.struts2.views.velocity.components.URLDirective
2020-12-27 16:43:15,022 - Loaded User Directive: org.apache.struts2.views.velocity.components.ActionErrorDirective
2020-12-27 16:43:15,023 - Loaded User Directive: org.apache.struts2.views.velocity.components.ActionMessageDirective
2020-12-27 16:43:15,024 - Loaded User Directive: org.apache.struts2.views.velocity.components.FieldErrorDirective
2020-12-27 16:43:15,025 - Loaded User Directive: org.apache.struts2.views.velocity.components.OptionTransferSelectDirective
2020-12-27 16:43:15,026 - Loaded User Directive: org.apache.struts2.views.velocity.components.UpDownSelectDirective
2020-12-27 16:43:15,027 - Loaded User Directive: org.apache.struts2.dojo.views.velocity.components.DateTimePickerDirective
2020-12-27 16:43:15,028 - Loaded User Directive: org.apache.struts2.dojo.views.velocity.components.DivDirective
2020-12-27 16:43:15,029 - Loaded User Directive: org.apache.struts2.dojo.views.velocity.components.AutocompleterDirective
2020-12-27 16:43:15,030 - Loaded User Directive: org.apache.struts2.dojo.views.velocity.components.AnchorDirective
2020-12-27 16:43:15,030 - Loaded User Directive: org.apache.struts2.dojo.views.velocity.components.SubmitDirective
2020-12-27 16:43:15,031 - Loaded User Directive: org.apache.struts2.dojo.views.velocity.components.TabbedPanelDirective
2020-12-27 16:43:15,032 - Loaded User Directive: org.apache.struts2.dojo.views.velocity.components.TreeDirective
2020-12-27 16:43:15,032 - Loaded User Directive: org.apache.struts2.dojo.views.velocity.components.TreeNodeDirective
2020-12-27 16:43:15,033 - Loaded User Directive: org.apache.struts2.dojo.views.velocity.components.HeadDirective
2020-12-27 16:43:15,034 - Loaded User Directive: org.apache.struts2.dojo.views.velocity.components.BindDirective
2020-12-27 16:43:15,035 - Loaded User Directive: org.apache.struts2.dojo.views.velocity.components.TextAreaDirective
2020-12-27 16:43:15,035 - Loaded User Directive: org.apache.struts2.views.velocity.components.ActionDirective
2020-12-27 16:43:15,035 - Loaded User Directive: org.apache.struts2.views.velocity.components.BeanDirective
2020-12-27 16:43:15,035 - Loaded User Directive: org.apache.struts2.views.velocity.components.CheckBoxDirective
2020-12-27 16:43:15,035 - Loaded User Directive: org.apache.struts2.views.velocity.components.CheckBoxListDirective
2020-12-27 16:43:15,035 - Loaded User Directive: org.apache.struts2.views.velocity.components.ComboBoxDirective
2020-12-27 16:43:15,035 - Loaded User Directive: org.apache.struts2.views.velocity.components.ComponentDirective
2020-12-27 16:43:15,035 - Loaded User Directive: org.apache.struts2.views.velocity.components.DateDirective
2020-12-27 16:43:15,035 - Loaded User Directive: org.apache.struts2.views.velocity.components.DivDirective
2020-12-27 16:43:15,035 - Loaded User Directive: org.apache.struts2.views.velocity.components.DoubleSelectDirective
2020-12-27 16:43:15,035 - Loaded User Directive: org.apache.struts2.views.velocity.components.FileDirective
2020-12-27 16:43:15,035 - Loaded User Directive: org.apache.struts2.views.velocity.components.FormDirective
2020-12-27 16:43:15,035 - Loaded User Directive: org.apache.struts2.views.velocity.components.HeadDirective
2020-12-27 16:43:15,035 - Loaded User Directive: org.apache.struts2.views.velocity.components.HiddenDirective
2020-12-27 16:43:15,035 - Loaded User Directive: org.apache.struts2.views.velocity.components.AnchorDirective
2020-12-27 16:43:15,035 - Loaded User Directive: org.apache.struts2.views.velocity.components.I18nDirective
2020-12-27 16:43:15,035 - Loaded User Directive: org.apache.struts2.views.velocity.components.IncludeDirective
2020-12-27 16:43:15,035 - Loaded User Directive: org.apache.struts2.views.velocity.components.LabelDirective
2020-12-27 16:43:15,035 - Loaded User Directive: org.apache.struts2.views.velocity.components.ParamDirective
2020-12-27 16:43:15,035 - Loaded User Directive: org.apache.struts2.views.velocity.components.PasswordDirective
2020-12-27 16:43:15,035 - Loaded User Directive: org.apache.struts2.views.velocity.components.PushDirective
2020-12-27 16:43:15,035 - Loaded User Directive: org.apache.struts2.views.velocity.components.PropertyDirective
2020-12-27 16:43:15,035 - Loaded User Directive: org.apache.struts2.views.velocity.components.RadioDirective
2020-12-27 16:43:15,035 - Loaded User Directive: org.apache.struts2.views.velocity.components.SelectDirective
2020-12-27 16:43:15,036 - Loaded User Directive: org.apache.struts2.views.velocity.components.SetDirective
2020-12-27 16:43:15,036 - Loaded User Directive: org.apache.struts2.views.velocity.components.SubmitDirective
2020-12-27 16:43:15,036 - Loaded User Directive: org.apache.struts2.views.velocity.components.ResetDirective
2020-12-27 16:43:15,036 - Loaded User Directive: org.apache.struts2.views.velocity.components.TextAreaDirective
2020-12-27 16:43:15,036 - Loaded User Directive: org.apache.struts2.views.velocity.components.TextDirective
2020-12-27 16:43:15,036 - Loaded User Directive: org.apache.struts2.views.velocity.components.TextFieldDirective
2020-12-27 16:43:15,036 - Loaded User Directive: org.apache.struts2.views.velocity.components.TokenDirective
2020-12-27 16:43:15,036 - Loaded User Directive: org.apache.struts2.views.velocity.components.URLDirective
2020-12-27 16:43:15,036 - Loaded User Directive: org.apache.struts2.views.velocity.components.ActionErrorDirective
2020-12-27 16:43:15,036 - Loaded User Directive: org.apache.struts2.views.velocity.components.ActionMessageDirective
2020-12-27 16:43:15,036 - Loaded User Directive: org.apache.struts2.views.velocity.components.FieldErrorDirective
2020-12-27 16:43:15,036 - Loaded User Directive: org.apache.struts2.views.velocity.components.OptionTransferSelectDirective
2020-12-27 16:43:15,036 - Loaded User Directive: org.apache.struts2.views.velocity.components.UpDownSelectDirective
2020-12-27 16:43:15,036 - Loaded User Directive: org.apache.struts2.dojo.views.velocity.components.DateTimePickerDirective
2020-12-27 16:43:15,036 - Loaded User Directive: org.apache.struts2.dojo.views.velocity.components.DivDirective
2020-12-27 16:43:15,036 - Loaded User Directive: org.apache.struts2.dojo.views.velocity.components.AutocompleterDirective
2020-12-27 16:43:15,036 - Loaded User Directive: org.apache.struts2.dojo.views.velocity.components.AnchorDirective
2020-12-27 16:43:15,036 - Loaded User Directive: org.apache.struts2.dojo.views.velocity.components.SubmitDirective
2020-12-27 16:43:15,036 - Loaded User Directive: org.apache.struts2.dojo.views.velocity.components.TabbedPanelDirective
2020-12-27 16:43:15,036 - Loaded User Directive: org.apache.struts2.dojo.views.velocity.components.TreeDirective
2020-12-27 16:43:15,036 - Loaded User Directive: org.apache.struts2.dojo.views.velocity.components.TreeNodeDirective
2020-12-27 16:43:15,036 - Loaded User Directive: org.apache.struts2.dojo.views.velocity.components.HeadDirective
2020-12-27 16:43:15,036 - Loaded User Directive: org.apache.struts2.dojo.views.velocity.components.BindDirective
2020-12-27 16:43:15,036 - Loaded User Directive: org.apache.struts2.dojo.views.velocity.components.TextAreaDirective
2020-12-27 16:43:15,036 - Velocity was not initialized! Calling init()...
2020-12-27 16:43:15,036 - Velocity was not initialized! Calling init()...
2020-12-27 16:43:15,036 - Velocity was not initialized! Calling init()...
2020-12-27 16:43:15,037 - Velocity was not initialized! Calling init()...
2020-12-27 16:43:15,037 - Velocity was not initialized! Calling init()...
2020-12-27 16:43:15,037 - Velocity was not initialized! Calling init()...
2020-12-27 16:43:15,037 - Velocity was not initialized! Calling init()...
2020-12-27 16:43:15,037 - Velocity was not initialized! Calling init()...
2020-12-27 16:43:15,037 - Velocity was not initialized! Calling init()...
2020-12-27 16:43:15,037 - Velocity was not initialized! Calling init()...
2020-12-27 16:43:15,037 - Velocity was not initialized! Calling init()...
2020-12-27 16:43:15,037 - Velocity was not initialized! Calling init()...
2020-12-27 16:43:15,037 - Velocity was not initialized! Calling init()...
2020-12-27 16:43:15,037 - Velocity was not initialized! Calling init()...
2020-12-27 16:43:15,037 - Velocity was not initialized! Calling init()...
2020-12-27 16:43:15,037 - Velocity was not initialized! Calling init()...
2020-12-27 16:43:15,037 - Velocity was not initialized! Calling init()...
2020-12-27 16:43:15,037 - Velocity was not initialized! Calling init()...
2020-12-27 16:43:15,038 - Velocity was not initialized! Calling init()...
2020-12-27 16:43:15,038 - Velocity was not initialized! Calling init()...
2020-12-27 16:43:15,038 - Created '20' parsers.
2020-12-27 16:43:15,038 - Velocimacro : "velocimacro.library" is not set.  Trying default library: VM_global_library.vm
2020-12-27 16:43:15,038 - Velocity was not initialized! Calling init()...
2020-12-27 16:43:15,039 - Velocimacro : Default library not found.
2020-12-27 16:43:15,039 - Velocimacro : allowInline = true : VMs can be defined inline in templates
2020-12-27 16:43:15,039 - Velocimacro : allowInlineToOverride = false : VMs defined inline may NOT replace previous VM definitions
2020-12-27 16:43:15,039 - Velocimacro : allowInlineLocal = false : VMs defined inline will be global in scope if allowed.
2020-12-27 16:43:15,039 - Velocimacro : autoload off : VM system will not automatically reload global library macros
2020-12-27 16:43:15,041 - VelocityViewServlet: Default content-type is: text/html
2020-12-27 22:02:18,565 - Log4JLogChute initialized using file 'velocity.log'
2020-12-27 22:02:18,574 - Starting Apache Velocity v1.6.4 (compiled: 2010-04-27 15:31:23)
2020-12-27 22:02:18,574 - Default Properties File: org/apache/velocity/runtime/defaults/velocity.properties
2020-12-27 22:02:18,574 - Trying to use logger class org.apache.velocity.runtime.log.AvalonLogChute
2020-12-27 22:02:18,574 - Target log system for org.apache.velocity.runtime.log.AvalonLogChute is not available (java.lang.NoClassDefFoundError: org/apache/log/format/Formatter).  Falling back to next log system...
2020-12-27 22:02:18,574 - Trying to use logger class org.apache.velocity.runtime.log.Log4JLogChute
2020-12-27 22:02:18,574 - Using logger class org.apache.velocity.runtime.log.Log4JLogChute
2020-12-27 22:02:18,576 - ResourceLoader instantiated: org.apache.velocity.runtime.resource.loader.FileResourceLoader
2020-12-27 22:02:18,576 - Do unicode file recognition:  false
2020-12-27 22:02:18,576 - FileResourceLoader : adding path '/home/premendra/Downloads/apache-tomcat-8.5.40/webapps/struts2-showcase/'
2020-12-27 22:02:18,577 - ResourceLoader instantiated: org.apache.struts2.views.velocity.StrutsResourceLoader
2020-12-27 22:02:18,577 - ResourceCache: initialized (class org.apache.velocity.runtime.resource.ResourceCacheImpl) with class java.util.Collections$SynchronizedMap cache map.
2020-12-27 22:02:18,577 - Loaded System Directive: org.apache.velocity.runtime.directive.Define
2020-12-27 22:02:18,577 - Loaded System Directive: org.apache.velocity.runtime.directive.Break
2020-12-27 22:02:18,577 - Loaded System Directive: org.apache.velocity.runtime.directive.Evaluate
2020-12-27 22:02:18,577 - Loaded System Directive: org.apache.velocity.runtime.directive.Literal
2020-12-27 22:02:18,577 - Loaded System Directive: org.apache.velocity.runtime.directive.Macro
2020-12-27 22:02:18,577 - Loaded System Directive: org.apache.velocity.runtime.directive.Parse
2020-12-27 22:02:18,577 - Loaded System Directive: org.apache.velocity.runtime.directive.Include
2020-12-27 22:02:18,577 - Loaded System Directive: org.apache.velocity.runtime.directive.Foreach
2020-12-27 22:02:18,579 - Loaded User Directive: org.apache.struts2.views.velocity.components.ActionDirective
2020-12-27 22:02:18,580 - Loaded User Directive: org.apache.struts2.views.velocity.components.BeanDirective
2020-12-27 22:02:18,581 - Loaded User Directive: org.apache.struts2.views.velocity.components.CheckBoxDirective
2020-12-27 22:02:18,582 - Loaded User Directive: org.apache.struts2.views.velocity.components.CheckBoxListDirective
2020-12-27 22:02:18,583 - Loaded User Directive: org.apache.struts2.views.velocity.components.ComboBoxDirective
2020-12-27 22:02:18,584 - Loaded User Directive: org.apache.struts2.views.velocity.components.ComponentDirective
2020-12-27 22:02:18,585 - Loaded User Directive: org.apache.struts2.views.velocity.components.DateDirective
2020-12-27 22:02:18,586 - Loaded User Directive: org.apache.struts2.views.velocity.components.DivDirective
2020-12-27 22:02:18,587 - Loaded User Directive: org.apache.struts2.views.velocity.components.DoubleSelectDirective
2020-12-27 22:02:18,588 - Loaded User Directive: org.apache.struts2.views.velocity.components.FileDirective
2020-12-27 22:02:18,589 - Loaded User Directive: org.apache.struts2.views.velocity.components.FormDirective
2020-12-27 22:02:18,589 - Loaded User Directive: org.apache.struts2.views.velocity.components.HeadDirective
2020-12-27 22:02:18,589 - Loaded User Directive: org.apache.struts2.views.velocity.components.HiddenDirective
2020-12-27 22:02:18,590 - Loaded User Directive: org.apache.struts2.views.velocity.components.AnchorDirective
2020-12-27 22:02:18,591 - Loaded User Directive: org.apache.struts2.views.velocity.components.I18nDirective
2020-12-27 22:02:18,592 - Loaded User Directive: org.apache.struts2.views.velocity.components.IncludeDirective
2020-12-27 22:02:18,592 - Loaded User Directive: org.apache.struts2.views.velocity.components.LabelDirective
2020-12-27 22:02:18,593 - Loaded User Directive: org.apache.struts2.views.velocity.components.ParamDirective
2020-12-27 22:02:18,593 - Loaded User Directive: org.apache.struts2.views.velocity.components.PasswordDirective
2020-12-27 22:02:18,593 - Loaded User Directive: org.apache.struts2.views.velocity.components.PushDirective
2020-12-27 22:02:18,594 - Loaded User Directive: org.apache.struts2.views.velocity.components.PropertyDirective
2020-12-27 22:02:18,594 - Loaded User Directive: org.apache.struts2.views.velocity.components.RadioDirective
2020-12-27 22:02:18,595 - Loaded User Directive: org.apache.struts2.views.velocity.components.SelectDirective
2020-12-27 22:02:18,595 - Loaded User Directive: org.apache.struts2.views.velocity.components.SetDirective
2020-12-27 22:02:18,596 - Loaded User Directive: org.apache.struts2.views.velocity.components.SubmitDirective
2020-12-27 22:02:18,596 - Loaded User Directive: org.apache.struts2.views.velocity.components.ResetDirective
2020-12-27 22:02:18,596 - Loaded User Directive: org.apache.struts2.views.velocity.components.TextAreaDirective
2020-12-27 22:02:18,597 - Loaded User Directive: org.apache.struts2.views.velocity.components.TextDirective
2020-12-27 22:02:18,597 - Loaded User Directive: org.apache.struts2.views.velocity.components.TextFieldDirective
2020-12-27 22:02:18,597 - Loaded User Directive: org.apache.struts2.views.velocity.components.TokenDirective
2020-12-27 22:02:18,598 - Loaded User Directive: org.apache.struts2.views.velocity.components.URLDirective
2020-12-27 22:02:18,598 - Loaded User Directive: org.apache.struts2.views.velocity.components.ActionErrorDirective
2020-12-27 22:02:18,599 - Loaded User Directive: org.apache.struts2.views.velocity.components.ActionMessageDirective
2020-12-27 22:02:18,599 - Loaded User Directive: org.apache.struts2.views.velocity.components.FieldErrorDirective
2020-12-27 22:02:18,600 - Loaded User Directive: org.apache.struts2.views.velocity.components.OptionTransferSelectDirective
2020-12-27 22:02:18,600 - Loaded User Directive: org.apache.struts2.views.velocity.components.UpDownSelectDirective
2020-12-27 22:02:18,601 - Loaded User Directive: org.apache.struts2.dojo.views.velocity.components.DateTimePickerDirective
2020-12-27 22:02:18,602 - Loaded User Directive: org.apache.struts2.dojo.views.velocity.components.DivDirective
2020-12-27 22:02:18,603 - Loaded User Directive: org.apache.struts2.dojo.views.velocity.components.AutocompleterDirective
2020-12-27 22:02:18,603 - Loaded User Directive: org.apache.struts2.dojo.views.velocity.components.AnchorDirective
2020-12-27 22:02:18,603 - Loaded User Directive: org.apache.struts2.dojo.views.velocity.components.SubmitDirective
2020-12-27 22:02:18,603 - Loaded User Directive: org.apache.struts2.dojo.views.velocity.components.TabbedPanelDirective
2020-12-27 22:02:18,604 - Loaded User Directive: org.apache.struts2.dojo.views.velocity.components.TreeDirective
2020-12-27 22:02:18,604 - Loaded User Directive: org.apache.struts2.dojo.views.velocity.components.TreeNodeDirective
2020-12-27 22:02:18,605 - Loaded User Directive: org.apache.struts2.dojo.views.velocity.components.HeadDirective
2020-12-27 22:02:18,606 - Loaded User Directive: org.apache.struts2.dojo.views.velocity.components.BindDirective
2020-12-27 22:02:18,606 - Loaded User Directive: org.apache.struts2.dojo.views.velocity.components.TextAreaDirective
2020-12-27 22:02:18,606 - Loaded User Directive: org.apache.struts2.views.velocity.components.ActionDirective
2020-12-27 22:02:18,606 - Loaded User Directive: org.apache.struts2.views.velocity.components.BeanDirective
2020-12-27 22:02:18,606 - Loaded User Directive: org.apache.struts2.views.velocity.components.CheckBoxDirective
2020-12-27 22:02:18,606 - Loaded User Directive: org.apache.struts2.views.velocity.components.CheckBoxListDirective
2020-12-27 22:02:18,606 - Loaded User Directive: org.apache.struts2.views.velocity.components.ComboBoxDirective
2020-12-27 22:02:18,606 - Loaded User Directive: org.apache.struts2.views.velocity.components.ComponentDirective
2020-12-27 22:02:18,606 - Loaded User Directive: org.apache.struts2.views.velocity.components.DateDirective
2020-12-27 22:02:18,606 - Loaded User Directive: org.apache.struts2.views.velocity.components.DivDirective
2020-12-27 22:02:18,606 - Loaded User Directive: org.apache.struts2.views.velocity.components.DoubleSelectDirective
2020-12-27 22:02:18,606 - Loaded User Directive: org.apache.struts2.views.velocity.components.FileDirective
2020-12-27 22:02:18,606 - Loaded User Directive: org.apache.struts2.views.velocity.components.FormDirective
2020-12-27 22:02:18,606 - Loaded User Directive: org.apache.struts2.views.velocity.components.HeadDirective
2020-12-27 22:02:18,606 - Loaded User Directive: org.apache.struts2.views.velocity.components.HiddenDirective
2020-12-27 22:02:18,606 - Loaded User Directive: org.apache.struts2.views.velocity.components.AnchorDirective
2020-12-27 22:02:18,606 - Loaded User Directive: org.apache.struts2.views.velocity.components.I18nDirective
2020-12-27 22:02:18,606 - Loaded User Directive: org.apache.struts2.views.velocity.components.IncludeDirective
2020-12-27 22:02:18,606 - Loaded User Directive: org.apache.struts2.views.velocity.components.LabelDirective
2020-12-27 22:02:18,606 - Loaded User Directive: org.apache.struts2.views.velocity.components.ParamDirective
2020-12-27 22:02:18,606 - Loaded User Directive: org.apache.struts2.views.velocity.components.PasswordDirective
2020-12-27 22:02:18,606 - Loaded User Directive: org.apache.struts2.views.velocity.components.PushDirective
2020-12-27 22:02:18,606 - Loaded User Directive: org.apache.struts2.views.velocity.components.PropertyDirective
2020-12-27 22:02:18,606 - Loaded User Directive: org.apache.struts2.views.velocity.components.RadioDirective
2020-12-27 22:02:18,606 - Loaded User Directive: org.apache.struts2.views.velocity.components.SelectDirective
2020-12-27 22:02:18,606 - Loaded User Directive: org.apache.struts2.views.velocity.components.SetDirective
2020-12-27 22:02:18,606 - Loaded User Directive: org.apache.struts2.views.velocity.components.SubmitDirective
2020-12-27 22:02:18,606 - Loaded User Directive: org.apache.struts2.views.velocity.components.ResetDirective
2020-12-27 22:02:18,606 - Loaded User Directive: org.apache.struts2.views.velocity.components.TextAreaDirective
2020-12-27 22:02:18,606 - Loaded User Directive: org.apache.struts2.views.velocity.components.TextDirective
2020-12-27 22:02:18,606 - Loaded User Directive: org.apache.struts2.views.velocity.components.TextFieldDirective
2020-12-27 22:02:18,606 - Loaded User Directive: org.apache.struts2.views.velocity.components.TokenDirective
2020-12-27 22:02:18,606 - Loaded User Directive: org.apache.struts2.views.velocity.components.URLDirective
2020-12-27 22:02:18,606 - Loaded User Directive: org.apache.struts2.views.velocity.components.ActionErrorDirective
2020-12-27 22:02:18,606 - Loaded User Directive: org.apache.struts2.views.velocity.components.ActionMessageDirective
2020-12-27 22:02:18,606 - Loaded User Directive: org.apache.struts2.views.velocity.components.FieldErrorDirective
2020-12-27 22:02:18,607 - Loaded User Directive: org.apache.struts2.views.velocity.components.OptionTransferSelectDirective
2020-12-27 22:02:18,607 - Loaded User Directive: org.apache.struts2.views.velocity.components.UpDownSelectDirective
2020-12-27 22:02:18,607 - Loaded User Directive: org.apache.struts2.dojo.views.velocity.components.DateTimePickerDirective
2020-12-27 22:02:18,607 - Loaded User Directive: org.apache.struts2.dojo.views.velocity.components.DivDirective
2020-12-27 22:02:18,607 - Loaded User Directive: org.apache.struts2.dojo.views.velocity.components.AutocompleterDirective
2020-12-27 22:02:18,607 - Loaded User Directive: org.apache.struts2.dojo.views.velocity.components.AnchorDirective
2020-12-27 22:02:18,607 - Loaded User Directive: org.apache.struts2.dojo.views.velocity.components.SubmitDirective
2020-12-27 22:02:18,607 - Loaded User Directive: org.apache.struts2.dojo.views.velocity.components.TabbedPanelDirective
2020-12-27 22:02:18,607 - Loaded User Directive: org.apache.struts2.dojo.views.velocity.components.TreeDirective
2020-12-27 22:02:18,607 - Loaded User Directive: org.apache.struts2.dojo.views.velocity.components.TreeNodeDirective
2020-12-27 22:02:18,607 - Loaded User Directive: org.apache.struts2.dojo.views.velocity.components.HeadDirective
2020-12-27 22:02:18,607 - Loaded User Directive: org.apache.struts2.dojo.views.velocity.components.BindDirective
2020-12-27 22:02:18,607 - Loaded User Directive: org.apache.struts2.dojo.views.velocity.components.TextAreaDirective
2020-12-27 22:02:18,607 - Velocity was not initialized! Calling init()...
2020-12-27 22:02:18,607 - Velocity was not initialized! Calling init()...
2020-12-27 22:02:18,607 - Velocity was not initialized! Calling init()...
2020-12-27 22:02:18,607 - Velocity was not initialized! Calling init()...
2020-12-27 22:02:18,607 - Velocity was not initialized! Calling init()...
2020-12-27 22:02:18,607 - Velocity was not initialized! Calling init()...
2020-12-27 22:02:18,607 - Velocity was not initialized! Calling init()...
2020-12-27 22:02:18,607 - Velocity was not initialized! Calling init()...
2020-12-27 22:02:18,607 - Velocity was not initialized! Calling init()...
2020-12-27 22:02:18,607 - Velocity was not initialized! Calling init()...
2020-12-27 22:02:18,607 - Velocity was not initialized! Calling init()...
2020-12-27 22:02:18,607 - Velocity was not initialized! Calling init()...
2020-12-27 22:02:18,607 - Velocity was not initialized! Calling init()...
2020-12-27 22:02:18,607 - Velocity was not initialized! Calling init()...
2020-12-27 22:02:18,608 - Velocity was not initialized! Calling init()...
2020-12-27 22:02:18,608 - Velocity was not initialized! Calling init()...
2020-12-27 22:02:18,608 - Velocity was not initialized! Calling init()...
2020-12-27 22:02:18,608 - Velocity was not initialized! Calling init()...
2020-12-27 22:02:18,608 - Velocity was not initialized! Calling init()...
2020-12-27 22:02:18,608 - Velocity was not initialized! Calling init()...
2020-12-27 22:02:18,608 - Created '20' parsers.
2020-12-27 22:02:18,608 - Velocimacro : "velocimacro.library" is not set.  Trying default library: VM_global_library.vm
2020-12-27 22:02:18,608 - Velocity was not initialized! Calling init()...
2020-12-27 22:02:18,608 - Velocimacro : Default library not found.
2020-12-27 22:02:18,608 - Velocimacro : allowInline = true : VMs can be defined inline in templates
2020-12-27 22:02:18,608 - Velocimacro : allowInlineToOverride = false : VMs defined inline may NOT replace previous VM definitions
2020-12-27 22:02:18,608 - Velocimacro : allowInlineLocal = false : VMs defined inline will be global in scope if allowed.
2020-12-27 22:02:18,608 - Velocimacro : autoload off : VM system will not automatically reload global library macros
2020-12-27 22:02:18,610 - VelocityViewServlet: Default content-type is: text/html
